<?xml version="1.0" encoding="UTF-8"?>
<testng-results ignored="0" total="1" passed="1" failed="0" skipped="0">
  <reporter-output>
  </reporter-output>
  <suite started-at="2024-02-05T22:38:30 IST" name="Default suite" finished-at="2024-02-05T22:38:36 IST" duration-ms="5936">
    <groups>
    </groups>
    <test started-at="2024-02-05T22:38:30 IST" name="Default test" finished-at="2024-02-05T22:38:36 IST" duration-ms="5936">
      <class name="ExcellThroughMAP.AddBookAPI">
        <test-method signature="addBookDataMap()[pri:0, instance:ExcellThroughMAP.AddBookAPI@1caa0244]" started-at="2024-02-05T22:38:30 IST" name="addBookDataMap" finished-at="2024-02-05T22:38:36 IST" duration-ms="5842" status="PASS">
          <reporter-output>
          </reporter-output>
        </test-method> <!-- addBookDataMap -->
      </class> <!-- ExcellThroughMAP.AddBookAPI -->
    </test> <!-- Default test -->
  </suite> <!-- Default suite -->
</testng-results>
